<?xml version="1.0" encoding="UTF-8"?>
<!-- Generated by org.testng.reporters.JUnitReportReporter -->
<testsuite hostname="PTPL-252" failures="0" tests="2" name="TestCases.HourlyEnergyReportTest" time="35.596" errors="0" timestamp="2023-12-27T18:15:07 IST" skipped="0">
  <testcase classname="TestCases.HourlyEnergyReportTest" name="testLogin" time="5.027"/>
  <testcase classname="TestCases.HourlyEnergyReportTest" name="downloadEnergyReport" time="30.569"/>
</testsuite> <!-- TestCases.HourlyEnergyReportTest -->
