<?xml version="1.0" encoding="UTF-8"?>
<!-- Generated by org.testng.reporters.JUnitReportReporter -->
<testsuite hostname="PTPL-252" failures="0" tests="2" name="TestCases.LoginTest" time="5.064" errors="0" timestamp="2023-12-27T18:15:07 IST" skipped="0">
  <testcase classname="TestCases.LoginTest" name="testLogo" time="0.055"/>
  <testcase classname="TestCases.LoginTest" name="testLogin" time="5.009"/>
</testsuite> <!-- TestCases.LoginTest -->
