<?xml version="1.0" encoding="UTF-8"?>
<!-- Generated by org.testng.reporters.JUnitReportReporter -->
<testsuite hostname="PTPL-252" failures="0" tests="2" name="TestCases.DailyEnergyReportTest" time="35.268" errors="0" timestamp="2023-12-27T18:15:07 IST" skipped="0">
  <testcase classname="TestCases.DailyEnergyReportTest" name="testLogin" time="5.021"/>
  <testcase classname="TestCases.DailyEnergyReportTest" name="downloadEnergyReport" time="30.247"/>
</testsuite> <!-- TestCases.DailyEnergyReportTest -->
