<?xml version="1.0" encoding="UTF-8"?>
<!-- Generated by org.testng.reporters.JUnitReportReporter -->
<testsuite hostname="PTPL-252" failures="0" tests="1" name="MESFactoryConnect.MESFactoryConnect.AppTest" time="0.000" errors="0" timestamp="2023-12-27T18:15:07 IST" skipped="0">
  <testcase classname="MESFactoryConnect.MESFactoryConnect.AppTest" name="testApp" time="0.000"/>
</testsuite> <!-- MESFactoryConnect.MESFactoryConnect.AppTest -->
