<?xml version="1.0" encoding="UTF-8"?>
<!-- Generated by org.testng.reporters.JUnitReportReporter -->
<testsuite hostname="PTPL-252" failures="0" tests="2" name="TestCases.DailyEnergyReportTest" time="34.554" errors="0" timestamp="2023-12-21T10:59:38 IST" skipped="0">
  <testcase classname="TestCases.DailyEnergyReportTest" name="testLogin" time="4.208"/>
  <testcase classname="TestCases.DailyEnergyReportTest" name="downloadEnergyReport" time="30.346"/>
</testsuite> <!-- TestCases.DailyEnergyReportTest -->
