<?xml version="1.0" encoding="UTF-8"?>
<!-- Generated by org.testng.reporters.JUnitReportReporter -->
<testsuite hostname="PTPL-252" failures="0" tests="2" name="TestCases.HourlyEnergyReportTest" time="35.600" errors="0" timestamp="2023-12-20T11:03:26 IST" skipped="0">
  <testcase classname="TestCases.HourlyEnergyReportTest" name="testLogin" time="5.174"/>
  <testcase classname="TestCases.HourlyEnergyReportTest" name="downloadEnergyReport" time="30.426"/>
</testsuite> <!-- TestCases.HourlyEnergyReportTest -->
